❯ npm run dev

> coord-sort@1.0.0 dev
> concurrently "npm run dev:api" "npm run dev:web"

(node:2560) [DEP0060] DeprecationWarning: The `util._extend` API is deprecated. Please use Object.assign() instead.
(Use `node --trace-deprecation ...` to show where the warning was created)
[1]
[1] > coord-sort@1.0.0 dev:web
[1] > npm --workspace apps/web run dev -- --host
[1]
[0]
[0] > coord-sort@1.0.0 dev:api
[0] > npm --workspace apps/api run dev
[0]
[0]
[0] > @coord-sort/api@1.0.0 dev
[0] > tsx watch src/server.ts
[0]
[1]
[1] > @coord-sort/web@1.0.0 dev
[1] > vite --host
[1]
[1] 8:11:14 PM [vite] warning: `esbuild` option was specified by "vite:react-babel" plugin. This option is deprecated, please use `oxc` instead.
[1] 8:11:14 PM [vite] warning: `optimizeDeps.esbuildOptions` option was specified by "vite:react-babel" plugin. This option is deprecated, please use `optimizeDeps.rolldownOptions` instead.
[1] You or a plugin you are using have set `optimizeDeps.esbuildOptions` but this option is now deprecated. Vite now uses Rolldown to optimize the dependencies. Please use `optimizeDeps.rolldownOptions` instead.
[1]
[1]   VITE v8.0.8  ready in 327 ms
[1]
[1]   ➜  Local:   http://localhost:5173/
[1]   ➜  Network: http://169.254.83.107:5173/
[1]   ➜  Network: http://100.113.195.11:5173/
[1]   ➜  Network: http://192.168.50.51:5173/
[1]   ➜  Network: http://192.168.32.1:5173/
[1]   ➜  Network: http://172.19.96.1:5173/
[0] {"level":30,"time":1776647474655,"pid":37000,"hostname":"IMMER-STATION","msg":"Project Root: C:\\Users\\yonat\\Git\\Coord-Sort"}
[0] FastifyError: fastify-plugin: @fastify/cors - expected '4.x' fastify version, '5.8.5' is installed
[0]     at Object.checkVersion (C:\Users\yonat\Git\Coord-Sort\node_modules\fastify\lib\plugin-utils.js:127:11)
[0]     at Object.registerPlugin (C:\Users\yonat\Git\Coord-Sort\node_modules\fastify\lib\plugin-utils.js:150:16)
[0]     at Boot.override (C:\Users\yonat\Git\Coord-Sort\node_modules\fastify\lib\plugin-override.js:29:57)
[0]     at Boot._loadPlugin (C:\Users\yonat\Git\Coord-Sort\node_modules\avvio\boot.js:439:25)
[0]     at process.processTicksAndRejections (node:internal/process/task_queues:89:21) {
[0]   code: 'FST_ERR_PLUGIN_VERSION_MISMATCH',
[0]   statusCode: 500
[0] }
[0] {"level":30,"time":1776647474655,"pid":37000,"hostname":"IMMER-STATION","msg":"Source Root: C:\\Users\\yonat\\Git\\Coord-Sort\\dev-library\\source"}
